<?xml version="1.0" encoding="UTF-8"?>
<!-- Generated by org.testng.reporters.JUnitReportReporter -->
<testsuite hostname="DESKTOP-L2N6RGM" name="testsuite.ApachePOI" tests="1" failures="0" timestamp="21 Apr 2021 18:55:31 GMT" time="12.088" errors="0">
  <testcase name="login" time="12.088" classname="testsuite.ApachePOI"/>
</testsuite>
